[ 2015-03-16T13:40:51+08:00 ] 0.0.0.0 /wzhn/
INFO: [ app_begin ] --START--
INFO: ReadHtmlCache Behavior ::run [ RunTime:0.002299s ]
INFO: [ app_begin ] --END-- [ RunTime:0.002729s ]
INFO: [ view_parse ] --START--
NOTIC: [8192] preg_replace(): The /e modifier is deprecated, use preg_replace_callback instead G:\wamp\www\wzhn\ThinkPHP\Lib\Template\ThinkTemplate.class.php 第 273 行.
NOTIC: [8192] preg_replace(): The /e modifier is deprecated, use preg_replace_callback instead G:\wamp\www\wzhn\ThinkPHP\Lib\Template\ThinkTemplate.class.php 第 273 行.
NOTIC: [8192] preg_replace(): The /e modifier is deprecated, use preg_replace_callback instead G:\wamp\www\wzhn\ThinkPHP\Lib\Template\ThinkTemplate.class.php 第 273 行.
NOTIC: [8192] preg_replace(): The /e modifier is deprecated, use preg_replace_callback instead G:\wamp\www\wzhn\ThinkPHP\Lib\Template\ThinkTemplate.class.php 第 168 行.
NOTIC: [8192] preg_replace(): The /e modifier is deprecated, use preg_replace_callback instead G:\wamp\www\wzhn\ThinkPHP\Lib\Template\ThinkTemplate.class.php 第 404 行.
NOTIC: [8192] preg_replace(): The /e modifier is deprecated, use preg_replace_callback instead G:\wamp\www\wzhn\ThinkPHP\Lib\Template\ThinkTemplate.class.php 第 404 行.
NOTIC: [8192] preg_replace(): The /e modifier is deprecated, use preg_replace_callback instead G:\wamp\www\wzhn\ThinkPHP\Lib\Template\ThinkTemplate.class.php 第 404 行.
NOTIC: [8192] preg_replace(): The /e modifier is deprecated, use preg_replace_callback instead G:\wamp\www\wzhn\ThinkPHP\Lib\Template\ThinkTemplate.class.php 第 404 行.
NOTIC: [8192] preg_replace(): The /e modifier is deprecated, use preg_replace_callback instead G:\wamp\www\wzhn\ThinkPHP\Lib\Template\ThinkTemplate.class.php 第 404 行.
NOTIC: [8192] preg_replace(): The /e modifier is deprecated, use preg_replace_callback instead G:\wamp\www\wzhn\ThinkPHP\Lib\Template\ThinkTemplate.class.php 第 404 行.
NOTIC: [8192] preg_replace(): The /e modifier is deprecated, use preg_replace_callback instead G:\wamp\www\wzhn\ThinkPHP\Lib\Template\ThinkTemplate.class.php 第 404 行.
NOTIC: [8192] preg_replace(): The /e modifier is deprecated, use preg_replace_callback instead G:\wamp\www\wzhn\ThinkPHP\Lib\Template\ThinkTemplate.class.php 第 404 行.
NOTIC: [8192] preg_replace(): The /e modifier is deprecated, use preg_replace_callback instead G:\wamp\www\wzhn\ThinkPHP\Lib\Template\ThinkTemplate.class.php 第 404 行.
NOTIC: [8192] preg_replace(): The /e modifier is deprecated, use preg_replace_callback instead G:\wamp\www\wzhn\ThinkPHP\Lib\Template\ThinkTemplate.class.php 第 404 行.
NOTIC: [8192] preg_replace(): The /e modifier is deprecated, use preg_replace_callback instead G:\wamp\www\wzhn\ThinkPHP\Lib\Template\ThinkTemplate.class.php 第 404 行.
NOTIC: [8192] preg_replace(): The /e modifier is deprecated, use preg_replace_callback instead G:\wamp\www\wzhn\ThinkPHP\Lib\Template\ThinkTemplate.class.php 第 404 行.
NOTIC: [8192] preg_replace(): The /e modifier is deprecated, use preg_replace_callback instead G:\wamp\www\wzhn\ThinkPHP\Lib\Template\ThinkTemplate.class.php 第 399 行.
NOTIC: [8192] preg_replace(): The /e modifier is deprecated, use preg_replace_callback instead G:\wamp\www\wzhn\ThinkPHP\Lib\Template\ThinkTemplate.class.php 第 399 行.
NOTIC: [8192] preg_replace(): The /e modifier is deprecated, use preg_replace_callback instead G:\wamp\www\wzhn\ThinkPHP\Lib\Template\ThinkTemplate.class.php 第 404 行.
NOTIC: [8192] preg_replace(): The /e modifier is deprecated, use preg_replace_callback instead G:\wamp\www\wzhn\ThinkPHP\Lib\Template\ThinkTemplate.class.php 第 404 行.
NOTIC: [8192] preg_replace(): The /e modifier is deprecated, use preg_replace_callback instead G:\wamp\www\wzhn\ThinkPHP\Lib\Template\ThinkTemplate.class.php 第 404 行.
NOTIC: [8192] preg_replace(): The /e modifier is deprecated, use preg_replace_callback instead G:\wamp\www\wzhn\ThinkPHP\Lib\Template\ThinkTemplate.class.php 第 399 行.
NOTIC: [8192] preg_replace(): The /e modifier is deprecated, use preg_replace_callback instead G:\wamp\www\wzhn\ThinkPHP\Lib\Template\ThinkTemplate.class.php 第 404 行.
NOTIC: [8192] preg_replace(): The /e modifier is deprecated, use preg_replace_callback instead G:\wamp\www\wzhn\ThinkPHP\Lib\Template\ThinkTemplate.class.php 第 404 行.
NOTIC: [8192] preg_replace(): The /e modifier is deprecated, use preg_replace_callback instead G:\wamp\www\wzhn\ThinkPHP\Lib\Template\ThinkTemplate.class.php 第 404 行.
NOTIC: [8192] preg_replace(): The /e modifier is deprecated, use preg_replace_callback instead G:\wamp\www\wzhn\ThinkPHP\Lib\Template\ThinkTemplate.class.php 第 404 行.
NOTIC: [8192] preg_replace(): The /e modifier is deprecated, use preg_replace_callback instead G:\wamp\www\wzhn\ThinkPHP\Lib\Template\ThinkTemplate.class.php 第 404 行.
NOTIC: [8192] preg_replace(): The /e modifier is deprecated, use preg_replace_callback instead G:\wamp\www\wzhn\ThinkPHP\Lib\Template\ThinkTemplate.class.php 第 404 行.
NOTIC: [8192] preg_replace(): The /e modifier is deprecated, use preg_replace_callback instead G:\wamp\www\wzhn\ThinkPHP\Lib\Template\ThinkTemplate.class.php 第 404 行.
NOTIC: [8192] preg_replace(): The /e modifier is deprecated, use preg_replace_callback instead G:\wamp\www\wzhn\ThinkPHP\Lib\Template\ThinkTemplate.class.php 第 404 行.
NOTIC: [8192] preg_replace(): The /e modifier is deprecated, use preg_replace_callback instead G:\wamp\www\wzhn\ThinkPHP\Lib\Template\ThinkTemplate.class.php 第 404 行.
NOTIC: [8192] preg_replace(): The /e modifier is deprecated, use preg_replace_callback instead G:\wamp\www\wzhn\ThinkPHP\Lib\Template\ThinkTemplate.class.php 第 404 行.
NOTIC: [8192] preg_replace(): The /e modifier is deprecated, use preg_replace_callback instead G:\wamp\www\wzhn\ThinkPHP\Lib\Template\ThinkTemplate.class.php 第 404 行.
NOTIC: [8192] preg_replace(): The /e modifier is deprecated, use preg_replace_callback instead G:\wamp\www\wzhn\ThinkPHP\Lib\Template\ThinkTemplate.class.php 第 404 行.
NOTIC: [8192] preg_replace(): The /e modifier is deprecated, use preg_replace_callback instead G:\wamp\www\wzhn\ThinkPHP\Lib\Template\ThinkTemplate.class.php 第 404 行.
NOTIC: [8192] preg_replace(): The /e modifier is deprecated, use preg_replace_callback instead G:\wamp\www\wzhn\ThinkPHP\Lib\Template\ThinkTemplate.class.php 第 404 行.
NOTIC: [8192] preg_replace(): The /e modifier is deprecated, use preg_replace_callback instead G:\wamp\www\wzhn\ThinkPHP\Lib\Template\ThinkTemplate.class.php 第 404 行.
NOTIC: [8192] preg_replace(): The /e modifier is deprecated, use preg_replace_callback instead G:\wamp\www\wzhn\ThinkPHP\Lib\Template\ThinkTemplate.class.php 第 404 行.
NOTIC: [8192] preg_replace(): The /e modifier is deprecated, use preg_replace_callback instead G:\wamp\www\wzhn\ThinkPHP\Lib\Template\ThinkTemplate.class.php 第 404 行.
NOTIC: [8192] preg_replace(): The /e modifier is deprecated, use preg_replace_callback instead G:\wamp\www\wzhn\ThinkPHP\Lib\Template\ThinkTemplate.class.php 第 404 行.
NOTIC: [8192] preg_replace(): The /e modifier is deprecated, use preg_replace_callback instead G:\wamp\www\wzhn\ThinkPHP\Lib\Template\ThinkTemplate.class.php 第 404 行.
NOTIC: [8192] preg_replace(): The /e modifier is deprecated, use preg_replace_callback instead G:\wamp\www\wzhn\ThinkPHP\Lib\Template\ThinkTemplate.class.php 第 404 行.
NOTIC: [8192] preg_replace(): The /e modifier is deprecated, use preg_replace_callback instead G:\wamp\www\wzhn\ThinkPHP\Lib\Template\ThinkTemplate.class.php 第 404 行.
NOTIC: [8192] preg_replace(): The /e modifier is deprecated, use preg_replace_callback instead G:\wamp\www\wzhn\ThinkPHP\Lib\Template\ThinkTemplate.class.php 第 404 行.
NOTIC: [8192] preg_replace(): The /e modifier is deprecated, use preg_replace_callback instead G:\wamp\www\wzhn\ThinkPHP\Lib\Template\ThinkTemplate.class.php 第 404 行.
NOTIC: [8192] preg_replace(): The /e modifier is deprecated, use preg_replace_callback instead G:\wamp\www\wzhn\ThinkPHP\Lib\Template\ThinkTemplate.class.php 第 404 行.
NOTIC: [8192] preg_replace(): The /e modifier is deprecated, use preg_replace_callback instead G:\wamp\www\wzhn\ThinkPHP\Lib\Template\ThinkTemplate.class.php 第 404 行.
NOTIC: [8192] preg_replace(): The /e modifier is deprecated, use preg_replace_callback instead G:\wamp\www\wzhn\ThinkPHP\Lib\Template\ThinkTemplate.class.php 第 404 行.
NOTIC: [8192] preg_replace(): The /e modifier is deprecated, use preg_replace_callback instead G:\wamp\www\wzhn\ThinkPHP\Lib\Template\ThinkTemplate.class.php 第 404 行.
NOTIC: [8192] preg_replace(): The /e modifier is deprecated, use preg_replace_callback instead G:\wamp\www\wzhn\ThinkPHP\Lib\Template\ThinkTemplate.class.php 第 404 行.
NOTIC: [8192] preg_replace(): The /e modifier is deprecated, use preg_replace_callback instead G:\wamp\www\wzhn\ThinkPHP\Lib\Template\ThinkTemplate.class.php 第 404 行.
NOTIC: [8192] preg_replace(): The /e modifier is deprecated, use preg_replace_callback instead G:\wamp\www\wzhn\ThinkPHP\Lib\Template\ThinkTemplate.class.php 第 404 行.
NOTIC: [8192] preg_replace(): The /e modifier is deprecated, use preg_replace_callback instead G:\wamp\www\wzhn\ThinkPHP\Lib\Template\ThinkTemplate.class.php 第 404 行.
NOTIC: [8192] preg_replace(): The /e modifier is deprecated, use preg_replace_callback instead G:\wamp\www\wzhn\ThinkPHP\Lib\Template\ThinkTemplate.class.php 第 404 行.
NOTIC: [8192] preg_replace(): The /e modifier is deprecated, use preg_replace_callback instead G:\wamp\www\wzhn\ThinkPHP\Lib\Template\ThinkTemplate.class.php 第 404 行.
NOTIC: [8192] preg_replace(): The /e modifier is deprecated, use preg_replace_callback instead G:\wamp\www\wzhn\ThinkPHP\Lib\Template\ThinkTemplate.class.php 第 404 行.
NOTIC: [8192] preg_replace(): The /e modifier is deprecated, use preg_replace_callback instead G:\wamp\www\wzhn\ThinkPHP\Lib\Template\ThinkTemplate.class.php 第 404 行.
NOTIC: [8192] preg_replace(): The /e modifier is deprecated, use preg_replace_callback instead G:\wamp\www\wzhn\ThinkPHP\Lib\Template\ThinkTemplate.class.php 第 404 行.
NOTIC: [8192] preg_replace(): The /e modifier is deprecated, use preg_replace_callback instead G:\wamp\www\wzhn\ThinkPHP\Lib\Template\ThinkTemplate.class.php 第 404 行.
NOTIC: [8192] preg_replace(): The /e modifier is deprecated, use preg_replace_callback instead G:\wamp\www\wzhn\ThinkPHP\Lib\Template\ThinkTemplate.class.php 第 404 行.
NOTIC: [8192] preg_replace(): The /e modifier is deprecated, use preg_replace_callback instead G:\wamp\www\wzhn\ThinkPHP\Lib\Template\ThinkTemplate.class.php 第 404 行.
NOTIC: [8192] preg_replace(): The /e modifier is deprecated, use preg_replace_callback instead G:\wamp\www\wzhn\ThinkPHP\Lib\Template\ThinkTemplate.class.php 第 404 行.
NOTIC: [8192] preg_replace(): The /e modifier is deprecated, use preg_replace_callback instead G:\wamp\www\wzhn\ThinkPHP\Lib\Template\ThinkTemplate.class.php 第 404 行.
NOTIC: [8192] preg_replace(): The /e modifier is deprecated, use preg_replace_callback instead G:\wamp\www\wzhn\ThinkPHP\Lib\Template\ThinkTemplate.class.php 第 404 行.
NOTIC: [8192] preg_replace(): The /e modifier is deprecated, use preg_replace_callback instead G:\wamp\www\wzhn\ThinkPHP\Lib\Template\ThinkTemplate.class.php 第 404 行.
NOTIC: [8192] preg_replace(): The /e modifier is deprecated, use preg_replace_callback instead G:\wamp\www\wzhn\ThinkPHP\Lib\Template\ThinkTemplate.class.php 第 404 行.
NOTIC: [8192] preg_replace(): The /e modifier is deprecated, use preg_replace_callback instead G:\wamp\www\wzhn\ThinkPHP\Lib\Template\ThinkTemplate.class.php 第 404 行.
NOTIC: [8192] preg_replace(): The /e modifier is deprecated, use preg_replace_callback instead G:\wamp\www\wzhn\ThinkPHP\Lib\Template\ThinkTemplate.class.php 第 404 行.
NOTIC: [8192] preg_replace(): The /e modifier is deprecated, use preg_replace_callback instead G:\wamp\www\wzhn\ThinkPHP\Lib\Template\ThinkTemplate.class.php 第 404 行.
NOTIC: [8192] preg_replace(): The /e modifier is deprecated, use preg_replace_callback instead G:\wamp\www\wzhn\ThinkPHP\Lib\Template\ThinkTemplate.class.php 第 404 行.
NOTIC: [8192] preg_replace(): The /e modifier is deprecated, use preg_replace_callback instead G:\wamp\www\wzhn\ThinkPHP\Lib\Template\ThinkTemplate.class.php 第 404 行.
NOTIC: [8192] preg_replace(): The /e modifier is deprecated, use preg_replace_callback instead G:\wamp\www\wzhn\ThinkPHP\Lib\Template\ThinkTemplate.class.php 第 404 行.
NOTIC: [8192] preg_replace(): The /e modifier is deprecated, use preg_replace_callback instead G:\wamp\www\wzhn\ThinkPHP\Lib\Template\ThinkTemplate.class.php 第 404 行.
NOTIC: [8192] preg_replace(): The /e modifier is deprecated, use preg_replace_callback instead G:\wamp\www\wzhn\ThinkPHP\Lib\Template\ThinkTemplate.class.php 第 404 行.
NOTIC: [8192] preg_replace(): The /e modifier is deprecated, use preg_replace_callback instead G:\wamp\www\wzhn\ThinkPHP\Lib\Template\ThinkTemplate.class.php 第 404 行.
NOTIC: [8192] preg_replace(): The /e modifier is deprecated, use preg_replace_callback instead G:\wamp\www\wzhn\ThinkPHP\Lib\Template\ThinkTemplate.class.php 第 404 行.
NOTIC: [8192] preg_replace(): The /e modifier is deprecated, use preg_replace_callback instead G:\wamp\www\wzhn\ThinkPHP\Lib\Template\ThinkTemplate.class.php 第 404 行.
NOTIC: [8192] preg_replace(): The /e modifier is deprecated, use preg_replace_callback instead G:\wamp\www\wzhn\ThinkPHP\Lib\Template\ThinkTemplate.class.php 第 404 行.
NOTIC: [8192] preg_replace(): The /e modifier is deprecated, use preg_replace_callback instead G:\wamp\www\wzhn\ThinkPHP\Lib\Template\ThinkTemplate.class.php 第 404 行.
NOTIC: [8192] preg_replace(): The /e modifier is deprecated, use preg_replace_callback instead G:\wamp\www\wzhn\ThinkPHP\Lib\Template\ThinkTemplate.class.php 第 404 行.
NOTIC: [8192] preg_replace(): The /e modifier is deprecated, use preg_replace_callback instead G:\wamp\www\wzhn\ThinkPHP\Lib\Template\ThinkTemplate.class.php 第 404 行.
NOTIC: [8192] preg_replace(): The /e modifier is deprecated, use preg_replace_callback instead G:\wamp\www\wzhn\ThinkPHP\Lib\Template\ThinkTemplate.class.php 第 404 行.
NOTIC: [8192] preg_replace(): The /e modifier is deprecated, use preg_replace_callback instead G:\wamp\www\wzhn\ThinkPHP\Lib\Template\ThinkTemplate.class.php 第 404 行.
NOTIC: [8192] preg_replace(): The /e modifier is deprecated, use preg_replace_callback instead G:\wamp\www\wzhn\ThinkPHP\Lib\Template\ThinkTemplate.class.php 第 404 行.
NOTIC: [8192] preg_replace(): The /e modifier is deprecated, use preg_replace_callback instead G:\wamp\www\wzhn\ThinkPHP\Lib\Template\ThinkTemplate.class.php 第 404 行.
NOTIC: [8192] preg_replace(): The /e modifier is deprecated, use preg_replace_callback instead G:\wamp\www\wzhn\ThinkPHP\Lib\Template\ThinkTemplate.class.php 第 404 行.
NOTIC: [8192] preg_replace(): The /e modifier is deprecated, use preg_replace_callback instead G:\wamp\www\wzhn\ThinkPHP\Lib\Template\ThinkTemplate.class.php 第 404 行.
NOTIC: [8192] preg_replace(): The /e modifier is deprecated, use preg_replace_callback instead G:\wamp\www\wzhn\ThinkPHP\Lib\Template\ThinkTemplate.class.php 第 404 行.
NOTIC: [8192] preg_replace(): The /e modifier is deprecated, use preg_replace_callback instead G:\wamp\www\wzhn\ThinkPHP\Lib\Template\ThinkTemplate.class.php 第 399 行.
NOTIC: [8192] preg_replace(): The /e modifier is deprecated, use preg_replace_callback instead G:\wamp\www\wzhn\ThinkPHP\Lib\Template\ThinkTemplate.class.php 第 399 行.
NOTIC: [8192] preg_replace(): The /e modifier is deprecated, use preg_replace_callback instead G:\wamp\www\wzhn\ThinkPHP\Lib\Template\ThinkTemplate.class.php 第 399 行.
NOTIC: [8192] preg_replace(): The /e modifier is deprecated, use preg_replace_callback instead G:\wamp\www\wzhn\ThinkPHP\Lib\Template\ThinkTemplate.class.php 第 399 行.
NOTIC: [8192] preg_replace(): The /e modifier is deprecated, use preg_replace_callback instead G:\wamp\www\wzhn\ThinkPHP\Lib\Template\ThinkTemplate.class.php 第 399 行.
NOTIC: [8192] preg_replace(): The /e modifier is deprecated, use preg_replace_callback instead G:\wamp\www\wzhn\ThinkPHP\Lib\Template\ThinkTemplate.class.php 第 399 行.
NOTIC: [8192] preg_replace(): The /e modifier is deprecated, use preg_replace_callback instead G:\wamp\www\wzhn\ThinkPHP\Lib\Template\ThinkTemplate.class.php 第 404 行.
NOTIC: [8192] preg_replace(): The /e modifier is deprecated, use preg_replace_callback instead G:\wamp\www\wzhn\ThinkPHP\Lib\Template\ThinkTemplate.class.php 第 404 行.
NOTIC: [8192] preg_replace(): The /e modifier is deprecated, use preg_replace_callback instead G:\wamp\www\wzhn\ThinkPHP\Lib\Template\ThinkTemplate.class.php 第 404 行.
NOTIC: [8192] preg_replace(): The /e modifier is deprecated, use preg_replace_callback instead G:\wamp\www\wzhn\ThinkPHP\Lib\Template\ThinkTemplate.class.php 第 197 行.
NOTIC: [8192] preg_replace(): The /e modifier is deprecated, use preg_replace_callback instead G:\wamp\www\wzhn\ThinkPHP\Lib\Template\ThinkTemplate.class.php 第 137 行.
INFO: ParseTemplate Behavior ::run [ RunTime:0.052002s ]
INFO: [ view_parse ] --END-- [ RunTime:0.052371s ]
INFO: [ view_filter ] --START--
INFO: ContentReplace Behavior ::run [ RunTime:0.001631s ]
INFO: TokenBuild Behavior ::run [ RunTime:0.002056s ]
INFO: WriteHtmlCache Behavior ::run [ RunTime:0.001268s ]
INFO: ShowRuntime Behavior ::run [ RunTime:0.001909s ]
INFO: [ view_filter ] --END-- [ RunTime:0.007839s ]
INFO: [ view_end ] --START--
INFO: ShowPageTrace Behavior ::run [ RunTime:0.001884s ]
INFO: [ view_end ] --END-- [ RunTime:0.002213s ]

[ 2015-03-16T13:45:41+08:00 ] 0.0.0.0 /wzhn/
INFO: [ app_begin ] --START--
INFO: ReadHtmlCache Behavior ::run [ RunTime:0.002193s ]
INFO: [ app_begin ] --END-- [ RunTime:0.002581s ]
INFO: [ view_parse ] --START--
NOTIC: [8192] preg_replace(): The /e modifier is deprecated, use preg_replace_callback instead G:\wamp\www\wzhn\ThinkPHP\Lib\Template\ThinkTemplate.class.php 第 273 行.
NOTIC: [8192] preg_replace(): The /e modifier is deprecated, use preg_replace_callback instead G:\wamp\www\wzhn\ThinkPHP\Lib\Template\ThinkTemplate.class.php 第 273 行.
NOTIC: [8192] preg_replace(): The /e modifier is deprecated, use preg_replace_callback instead G:\wamp\www\wzhn\ThinkPHP\Lib\Template\ThinkTemplate.class.php 第 273 行.
NOTIC: [8192] preg_replace(): The /e modifier is deprecated, use preg_replace_callback instead G:\wamp\www\wzhn\ThinkPHP\Lib\Template\ThinkTemplate.class.php 第 168 行.
NOTIC: [8192] preg_replace(): The /e modifier is deprecated, use preg_replace_callback instead G:\wamp\www\wzhn\ThinkPHP\Lib\Template\ThinkTemplate.class.php 第 404 行.
NOTIC: [8192] preg_replace(): The /e modifier is deprecated, use preg_replace_callback instead G:\wamp\www\wzhn\ThinkPHP\Lib\Template\ThinkTemplate.class.php 第 404 行.
NOTIC: [8192] preg_replace(): The /e modifier is deprecated, use preg_replace_callback instead G:\wamp\www\wzhn\ThinkPHP\Lib\Template\ThinkTemplate.class.php 第 404 行.
NOTIC: [8192] preg_replace(): The /e modifier is deprecated, use preg_replace_callback instead G:\wamp\www\wzhn\ThinkPHP\Lib\Template\ThinkTemplate.class.php 第 404 行.
NOTIC: [8192] preg_replace(): The /e modifier is deprecated, use preg_replace_callback instead G:\wamp\www\wzhn\ThinkPHP\Lib\Template\ThinkTemplate.class.php 第 404 行.
NOTIC: [8192] preg_replace(): The /e modifier is deprecated, use preg_replace_callback instead G:\wamp\www\wzhn\ThinkPHP\Lib\Template\ThinkTemplate.class.php 第 404 行.
NOTIC: [8192] preg_replace(): The /e modifier is deprecated, use preg_replace_callback instead G:\wamp\www\wzhn\ThinkPHP\Lib\Template\ThinkTemplate.class.php 第 404 行.
NOTIC: [8192] preg_replace(): The /e modifier is deprecated, use preg_replace_callback instead G:\wamp\www\wzhn\ThinkPHP\Lib\Template\ThinkTemplate.class.php 第 404 行.
NOTIC: [8192] preg_replace(): The /e modifier is deprecated, use preg_replace_callback instead G:\wamp\www\wzhn\ThinkPHP\Lib\Template\ThinkTemplate.class.php 第 404 行.
NOTIC: [8192] preg_replace(): The /e modifier is deprecated, use preg_replace_callback instead G:\wamp\www\wzhn\ThinkPHP\Lib\Template\ThinkTemplate.class.php 第 404 行.
NOTIC: [8192] preg_replace(): The /e modifier is deprecated, use preg_replace_callback instead G:\wamp\www\wzhn\ThinkPHP\Lib\Template\ThinkTemplate.class.php 第 404 行.
NOTIC: [8192] preg_replace(): The /e modifier is deprecated, use preg_replace_callback instead G:\wamp\www\wzhn\ThinkPHP\Lib\Template\ThinkTemplate.class.php 第 404 行.
NOTIC: [8192] preg_replace(): The /e modifier is deprecated, use preg_replace_callback instead G:\wamp\www\wzhn\ThinkPHP\Lib\Template\ThinkTemplate.class.php 第 399 行.
NOTIC: [8192] preg_replace(): The /e modifier is deprecated, use preg_replace_callback instead G:\wamp\www\wzhn\ThinkPHP\Lib\Template\ThinkTemplate.class.php 第 399 行.
NOTIC: [8192] preg_replace(): The /e modifier is deprecated, use preg_replace_callback instead G:\wamp\www\wzhn\ThinkPHP\Lib\Template\ThinkTemplate.class.php 第 404 行.
NOTIC: [8192] preg_replace(): The /e modifier is deprecated, use preg_replace_callback instead G:\wamp\www\wzhn\ThinkPHP\Lib\Template\ThinkTemplate.class.php 第 404 行.
NOTIC: [8192] preg_replace(): The /e modifier is deprecated, use preg_replace_callback instead G:\wamp\www\wzhn\ThinkPHP\Lib\Template\ThinkTemplate.class.php 第 404 行.
NOTIC: [8192] preg_replace(): The /e modifier is deprecated, use preg_replace_callback instead G:\wamp\www\wzhn\ThinkPHP\Lib\Template\ThinkTemplate.class.php 第 399 行.
NOTIC: [8192] preg_replace(): The /e modifier is deprecated, use preg_replace_callback instead G:\wamp\www\wzhn\ThinkPHP\Lib\Template\ThinkTemplate.class.php 第 404 行.
NOTIC: [8192] preg_replace(): The /e modifier is deprecated, use preg_replace_callback instead G:\wamp\www\wzhn\ThinkPHP\Lib\Template\ThinkTemplate.class.php 第 404 行.
NOTIC: [8192] preg_replace(): The /e modifier is deprecated, use preg_replace_callback instead G:\wamp\www\wzhn\ThinkPHP\Lib\Template\ThinkTemplate.class.php 第 404 行.
NOTIC: [8192] preg_replace(): The /e modifier is deprecated, use preg_replace_callback instead G:\wamp\www\wzhn\ThinkPHP\Lib\Template\ThinkTemplate.class.php 第 404 行.
NOTIC: [8192] preg_replace(): The /e modifier is deprecated, use preg_replace_callback instead G:\wamp\www\wzhn\ThinkPHP\Lib\Template\ThinkTemplate.class.php 第 404 行.
NOTIC: [8192] preg_replace(): The /e modifier is deprecated, use preg_replace_callback instead G:\wamp\www\wzhn\ThinkPHP\Lib\Template\ThinkTemplate.class.php 第 404 行.
NOTIC: [8192] preg_replace(): The /e modifier is deprecated, use preg_replace_callback instead G:\wamp\www\wzhn\ThinkPHP\Lib\Template\ThinkTemplate.class.php 第 404 行.
NOTIC: [8192] preg_replace(): The /e modifier is deprecated, use preg_replace_callback instead G:\wamp\www\wzhn\ThinkPHP\Lib\Template\ThinkTemplate.class.php 第 404 行.
NOTIC: [8192] preg_replace(): The /e modifier is deprecated, use preg_replace_callback instead G:\wamp\www\wzhn\ThinkPHP\Lib\Template\ThinkTemplate.class.php 第 404 行.
NOTIC: [8192] preg_replace(): The /e modifier is deprecated, use preg_replace_callback instead G:\wamp\www\wzhn\ThinkPHP\Lib\Template\ThinkTemplate.class.php 第 404 行.
NOTIC: [8192] preg_replace(): The /e modifier is deprecated, use preg_replace_callback instead G:\wamp\www\wzhn\ThinkPHP\Lib\Template\ThinkTemplate.class.php 第 404 行.
NOTIC: [8192] preg_replace(): The /e modifier is deprecated, use preg_replace_callback instead G:\wamp\www\wzhn\ThinkPHP\Lib\Template\ThinkTemplate.class.php 第 404 行.
NOTIC: [8192] preg_replace(): The /e modifier is deprecated, use preg_replace_callback instead G:\wamp\www\wzhn\ThinkPHP\Lib\Template\ThinkTemplate.class.php 第 404 行.
NOTIC: [8192] preg_replace(): The /e modifier is deprecated, use preg_replace_callback instead G:\wamp\www\wzhn\ThinkPHP\Lib\Template\ThinkTemplate.class.php 第 404 行.
NOTIC: [8192] preg_replace(): The /e modifier is deprecated, use preg_replace_callback instead G:\wamp\www\wzhn\ThinkPHP\Lib\Template\ThinkTemplate.class.php 第 404 行.
NOTIC: [8192] preg_replace(): The /e modifier is deprecated, use preg_replace_callback instead G:\wamp\www\wzhn\ThinkPHP\Lib\Template\ThinkTemplate.class.php 第 404 行.
NOTIC: [8192] preg_replace(): The /e modifier is deprecated, use preg_replace_callback instead G:\wamp\www\wzhn\ThinkPHP\Lib\Template\ThinkTemplate.class.php 第 404 行.
NOTIC: [8192] preg_replace(): The /e modifier is deprecated, use preg_replace_callback instead G:\wamp\www\wzhn\ThinkPHP\Lib\Template\ThinkTemplate.class.php 第 404 行.
NOTIC: [8192] preg_replace(): The /e modifier is deprecated, use preg_replace_callback instead G:\wamp\www\wzhn\ThinkPHP\Lib\Template\ThinkTemplate.class.php 第 404 行.
NOTIC: [8192] preg_replace(): The /e modifier is deprecated, use preg_replace_callback instead G:\wamp\www\wzhn\ThinkPHP\Lib\Template\ThinkTemplate.class.php 第 404 行.
NOTIC: [8192] preg_replace(): The /e modifier is deprecated, use preg_replace_callback instead G:\wamp\www\wzhn\ThinkPHP\Lib\Template\ThinkTemplate.class.php 第 404 行.
NOTIC: [8192] preg_replace(): The /e modifier is deprecated, use preg_replace_callback instead G:\wamp\www\wzhn\ThinkPHP\Lib\Template\ThinkTemplate.class.php 第 404 行.
NOTIC: [8192] preg_replace(): The /e modifier is deprecated, use preg_replace_callback instead G:\wamp\www\wzhn\ThinkPHP\Lib\Template\ThinkTemplate.class.php 第 404 行.
NOTIC: [8192] preg_replace(): The /e modifier is deprecated, use preg_replace_callback instead G:\wamp\www\wzhn\ThinkPHP\Lib\Template\ThinkTemplate.class.php 第 404 行.
NOTIC: [8192] preg_replace(): The /e modifier is deprecated, use preg_replace_callback instead G:\wamp\www\wzhn\ThinkPHP\Lib\Template\ThinkTemplate.class.php 第 404 行.
NOTIC: [8192] preg_replace(): The /e modifier is deprecated, use preg_replace_callback instead G:\wamp\www\wzhn\ThinkPHP\Lib\Template\ThinkTemplate.class.php 第 404 行.
NOTIC: [8192] preg_replace(): The /e modifier is deprecated, use preg_replace_callback instead G:\wamp\www\wzhn\ThinkPHP\Lib\Template\ThinkTemplate.class.php 第 404 行.
NOTIC: [8192] preg_replace(): The /e modifier is deprecated, use preg_replace_callback instead G:\wamp\www\wzhn\ThinkPHP\Lib\Template\ThinkTemplate.class.php 第 404 行.
NOTIC: [8192] preg_replace(): The /e modifier is deprecated, use preg_replace_callback instead G:\wamp\www\wzhn\ThinkPHP\Lib\Template\ThinkTemplate.class.php 第 404 行.
NOTIC: [8192] preg_replace(): The /e modifier is deprecated, use preg_replace_callback instead G:\wamp\www\wzhn\ThinkPHP\Lib\Template\ThinkTemplate.class.php 第 404 行.
NOTIC: [8192] preg_replace(): The /e modifier is deprecated, use preg_replace_callback instead G:\wamp\www\wzhn\ThinkPHP\Lib\Template\ThinkTemplate.class.php 第 404 行.
NOTIC: [8192] preg_replace(): The /e modifier is deprecated, use preg_replace_callback instead G:\wamp\www\wzhn\ThinkPHP\Lib\Template\ThinkTemplate.class.php 第 404 行.
NOTIC: [8192] preg_replace(): The /e modifier is deprecated, use preg_replace_callback instead G:\wamp\www\wzhn\ThinkPHP\Lib\Template\ThinkTemplate.class.php 第 404 行.
NOTIC: [8192] preg_replace(): The /e modifier is deprecated, use preg_replace_callback instead G:\wamp\www\wzhn\ThinkPHP\Lib\Template\ThinkTemplate.class.php 第 404 行.
NOTIC: [8192] preg_replace(): The /e modifier is deprecated, use preg_replace_callback instead G:\wamp\www\wzhn\ThinkPHP\Lib\Template\ThinkTemplate.class.php 第 404 行.
NOTIC: [8192] preg_replace(): The /e modifier is deprecated, use preg_replace_callback instead G:\wamp\www\wzhn\ThinkPHP\Lib\Template\ThinkTemplate.class.php 第 404 行.
NOTIC: [8192] preg_replace(): The /e modifier is deprecated, use preg_replace_callback instead G:\wamp\www\wzhn\ThinkPHP\Lib\Template\ThinkTemplate.class.php 第 404 行.
NOTIC: [8192] preg_replace(): The /e modifier is deprecated, use preg_replace_callback instead G:\wamp\www\wzhn\ThinkPHP\Lib\Template\ThinkTemplate.class.php 第 404 行.
NOTIC: [8192] preg_replace(): The /e modifier is deprecated, use preg_replace_callback instead G:\wamp\www\wzhn\ThinkPHP\Lib\Template\ThinkTemplate.class.php 第 404 行.
NOTIC: [8192] preg_replace(): The /e modifier is deprecated, use preg_replace_callback instead G:\wamp\www\wzhn\ThinkPHP\Lib\Template\ThinkTemplate.class.php 第 404 行.
NOTIC: [8192] preg_replace(): The /e modifier is deprecated, use preg_replace_callback instead G:\wamp\www\wzhn\ThinkPHP\Lib\Template\ThinkTemplate.class.php 第 404 行.
NOTIC: [8192] preg_replace(): The /e modifier is deprecated, use preg_replace_callback instead G:\wamp\www\wzhn\ThinkPHP\Lib\Template\ThinkTemplate.class.php 第 404 行.
NOTIC: [8192] preg_replace(): The /e modifier is deprecated, use preg_replace_callback instead G:\wamp\www\wzhn\ThinkPHP\Lib\Template\ThinkTemplate.class.php 第 404 行.
NOTIC: [8192] preg_replace(): The /e modifier is deprecated, use preg_replace_callback instead G:\wamp\www\wzhn\ThinkPHP\Lib\Template\ThinkTemplate.class.php 第 404 行.
NOTIC: [8192] preg_replace(): The /e modifier is deprecated, use preg_replace_callback instead G:\wamp\www\wzhn\ThinkPHP\Lib\Template\ThinkTemplate.class.php 第 404 行.
NOTIC: [8192] preg_replace(): The /e modifier is deprecated, use preg_replace_callback instead G:\wamp\www\wzhn\ThinkPHP\Lib\Template\ThinkTemplate.class.php 第 404 行.
NOTIC: [8192] preg_replace(): The /e modifier is deprecated, use preg_replace_callback instead G:\wamp\www\wzhn\ThinkPHP\Lib\Template\ThinkTemplate.class.php 第 404 行.
NOTIC: [8192] preg_replace(): The /e modifier is deprecated, use preg_replace_callback instead G:\wamp\www\wzhn\ThinkPHP\Lib\Template\ThinkTemplate.class.php 第 404 行.
NOTIC: [8192] preg_replace(): The /e modifier is deprecated, use preg_replace_callback instead G:\wamp\www\wzhn\ThinkPHP\Lib\Template\ThinkTemplate.class.php 第 404 行.
NOTIC: [8192] preg_replace(): The /e modifier is deprecated, use preg_replace_callback instead G:\wamp\www\wzhn\ThinkPHP\Lib\Template\ThinkTemplate.class.php 第 404 行.
NOTIC: [8192] preg_replace(): The /e modifier is deprecated, use preg_replace_callback instead G:\wamp\www\wzhn\ThinkPHP\Lib\Template\ThinkTemplate.class.php 第 404 行.
NOTIC: [8192] preg_replace(): The /e modifier is deprecated, use preg_replace_callback instead G:\wamp\www\wzhn\ThinkPHP\Lib\Template\ThinkTemplate.class.php 第 404 行.
NOTIC: [8192] preg_replace(): The /e modifier is deprecated, use preg_replace_callback instead G:\wamp\www\wzhn\ThinkPHP\Lib\Template\ThinkTemplate.class.php 第 404 行.
NOTIC: [8192] preg_replace(): The /e modifier is deprecated, use preg_replace_callback instead G:\wamp\www\wzhn\ThinkPHP\Lib\Template\ThinkTemplate.class.php 第 404 行.
NOTIC: [8192] preg_replace(): The /e modifier is deprecated, use preg_replace_callback instead G:\wamp\www\wzhn\ThinkPHP\Lib\Template\ThinkTemplate.class.php 第 404 行.
NOTIC: [8192] preg_replace(): The /e modifier is deprecated, use preg_replace_callback instead G:\wamp\www\wzhn\ThinkPHP\Lib\Template\ThinkTemplate.class.php 第 404 行.
NOTIC: [8192] preg_replace(): The /e modifier is deprecated, use preg_replace_callback instead G:\wamp\www\wzhn\ThinkPHP\Lib\Template\ThinkTemplate.class.php 第 404 行.
NOTIC: [8192] preg_replace(): The /e modifier is deprecated, use preg_replace_callback instead G:\wamp\www\wzhn\ThinkPHP\Lib\Template\ThinkTemplate.class.php 第 404 行.
NOTIC: [8192] preg_replace(): The /e modifier is deprecated, use preg_replace_callback instead G:\wamp\www\wzhn\ThinkPHP\Lib\Template\ThinkTemplate.class.php 第 404 行.
NOTIC: [8192] preg_replace(): The /e modifier is deprecated, use preg_replace_callback instead G:\wamp\www\wzhn\ThinkPHP\Lib\Template\ThinkTemplate.class.php 第 404 行.
NOTIC: [8192] preg_replace(): The /e modifier is deprecated, use preg_replace_callback instead G:\wamp\www\wzhn\ThinkPHP\Lib\Template\ThinkTemplate.class.php 第 404 行.
NOTIC: [8192] preg_replace(): The /e modifier is deprecated, use preg_replace_callback instead G:\wamp\www\wzhn\ThinkPHP\Lib\Template\ThinkTemplate.class.php 第 404 行.
NOTIC: [8192] preg_replace(): The /e modifier is deprecated, use preg_replace_callback instead G:\wamp\www\wzhn\ThinkPHP\Lib\Template\ThinkTemplate.class.php 第 404 行.
NOTIC: [8192] preg_replace(): The /e modifier is deprecated, use preg_replace_callback instead G:\wamp\www\wzhn\ThinkPHP\Lib\Template\ThinkTemplate.class.php 第 404 行.
NOTIC: [8192] preg_replace(): The /e modifier is deprecated, use preg_replace_callback instead G:\wamp\www\wzhn\ThinkPHP\Lib\Template\ThinkTemplate.class.php 第 404 行.
NOTIC: [8192] preg_replace(): The /e modifier is deprecated, use preg_replace_callback instead G:\wamp\www\wzhn\ThinkPHP\Lib\Template\ThinkTemplate.class.php 第 404 行.
NOTIC: [8192] preg_replace(): The /e modifier is deprecated, use preg_replace_callback instead G:\wamp\www\wzhn\ThinkPHP\Lib\Template\ThinkTemplate.class.php 第 399 行.
NOTIC: [8192] preg_replace(): The /e modifier is deprecated, use preg_replace_callback instead G:\wamp\www\wzhn\ThinkPHP\Lib\Template\ThinkTemplate.class.php 第 399 行.
NOTIC: [8192] preg_replace(): The /e modifier is deprecated, use preg_replace_callback instead G:\wamp\www\wzhn\ThinkPHP\Lib\Template\ThinkTemplate.class.php 第 399 行.
NOTIC: [8192] preg_replace(): The /e modifier is deprecated, use preg_replace_callback instead G:\wamp\www\wzhn\ThinkPHP\Lib\Template\ThinkTemplate.class.php 第 399 行.
NOTIC: [8192] preg_replace(): The /e modifier is deprecated, use preg_replace_callback instead G:\wamp\www\wzhn\ThinkPHP\Lib\Template\ThinkTemplate.class.php 第 399 行.
NOTIC: [8192] preg_replace(): The /e modifier is deprecated, use preg_replace_callback instead G:\wamp\www\wzhn\ThinkPHP\Lib\Template\ThinkTemplate.class.php 第 399 行.
NOTIC: [8192] preg_replace(): The /e modifier is deprecated, use preg_replace_callback instead G:\wamp\www\wzhn\ThinkPHP\Lib\Template\ThinkTemplate.class.php 第 404 行.
NOTIC: [8192] preg_replace(): The /e modifier is deprecated, use preg_replace_callback instead G:\wamp\www\wzhn\ThinkPHP\Lib\Template\ThinkTemplate.class.php 第 404 行.
NOTIC: [8192] preg_replace(): The /e modifier is deprecated, use preg_replace_callback instead G:\wamp\www\wzhn\ThinkPHP\Lib\Template\ThinkTemplate.class.php 第 404 行.
NOTIC: [8192] preg_replace(): The /e modifier is deprecated, use preg_replace_callback instead G:\wamp\www\wzhn\ThinkPHP\Lib\Template\ThinkTemplate.class.php 第 197 行.
NOTIC: [8192] preg_replace(): The /e modifier is deprecated, use preg_replace_callback instead G:\wamp\www\wzhn\ThinkPHP\Lib\Template\ThinkTemplate.class.php 第 137 行.
INFO: ParseTemplate Behavior ::run [ RunTime:0.034475s ]
INFO: [ view_parse ] --END-- [ RunTime:0.034878s ]
INFO: [ view_filter ] --START--
INFO: ContentReplace Behavior ::run [ RunTime:0.002016s ]
INFO: TokenBuild Behavior ::run [ RunTime:0.001699s ]
INFO: WriteHtmlCache Behavior ::run [ RunTime:0.001276s ]
INFO: ShowRuntime Behavior ::run [ RunTime:0.002012s ]
INFO: [ view_filter ] --END-- [ RunTime:0.008034s ]
INFO: [ view_end ] --START--
INFO: ShowPageTrace Behavior ::run [ RunTime:0.001990s ]
INFO: [ view_end ] --END-- [ RunTime:0.002328s ]

[ 2015-03-16T13:48:33+08:00 ] 0.0.0.0 /wzhn/
INFO: [ app_begin ] --START--
INFO: ReadHtmlCache Behavior ::run [ RunTime:0.004115s ]
INFO: [ app_begin ] --END-- [ RunTime:0.004525s ]
INFO: [ view_parse ] --START--
NOTIC: [8192] preg_replace(): The /e modifier is deprecated, use preg_replace_callback instead G:\wamp\www\wzhn\ThinkPHP\Lib\Template\ThinkTemplate.class.php 第 273 行.
NOTIC: [8192] preg_replace(): The /e modifier is deprecated, use preg_replace_callback instead G:\wamp\www\wzhn\ThinkPHP\Lib\Template\ThinkTemplate.class.php 第 273 行.
NOTIC: [8192] preg_replace(): The /e modifier is deprecated, use preg_replace_callback instead G:\wamp\www\wzhn\ThinkPHP\Lib\Template\ThinkTemplate.class.php 第 273 行.
NOTIC: [8192] preg_replace(): The /e modifier is deprecated, use preg_replace_callback instead G:\wamp\www\wzhn\ThinkPHP\Lib\Template\ThinkTemplate.class.php 第 168 行.
NOTIC: [8192] preg_replace(): The /e modifier is deprecated, use preg_replace_callback instead G:\wamp\www\wzhn\ThinkPHP\Lib\Template\ThinkTemplate.class.php 第 404 行.
NOTIC: [8192] preg_replace(): The /e modifier is deprecated, use preg_replace_callback instead G:\wamp\www\wzhn\ThinkPHP\Lib\Template\ThinkTemplate.class.php 第 404 行.
NOTIC: [8192] preg_replace(): The /e modifier is deprecated, use preg_replace_callback instead G:\wamp\www\wzhn\ThinkPHP\Lib\Template\ThinkTemplate.class.php 第 404 行.
NOTIC: [8192] preg_replace(): The /e modifier is deprecated, use preg_replace_callback instead G:\wamp\www\wzhn\ThinkPHP\Lib\Template\ThinkTemplate.class.php 第 404 行.
NOTIC: [8192] preg_replace(): The /e modifier is deprecated, use preg_replace_callback instead G:\wamp\www\wzhn\ThinkPHP\Lib\Template\ThinkTemplate.class.php 第 404 行.
NOTIC: [8192] preg_replace(): The /e modifier is deprecated, use preg_replace_callback instead G:\wamp\www\wzhn\ThinkPHP\Lib\Template\ThinkTemplate.class.php 第 404 行.
NOTIC: [8192] preg_replace(): The /e modifier is deprecated, use preg_replace_callback instead G:\wamp\www\wzhn\ThinkPHP\Lib\Template\ThinkTemplate.class.php 第 404 行.
NOTIC: [8192] preg_replace(): The /e modifier is deprecated, use preg_replace_callback instead G:\wamp\www\wzhn\ThinkPHP\Lib\Template\ThinkTemplate.class.php 第 404 行.
NOTIC: [8192] preg_replace(): The /e modifier is deprecated, use preg_replace_callback instead G:\wamp\www\wzhn\ThinkPHP\Lib\Template\ThinkTemplate.class.php 第 404 行.
NOTIC: [8192] preg_replace(): The /e modifier is deprecated, use preg_replace_callback instead G:\wamp\www\wzhn\ThinkPHP\Lib\Template\ThinkTemplate.class.php 第 404 行.
NOTIC: [8192] preg_replace(): The /e modifier is deprecated, use preg_replace_callback instead G:\wamp\www\wzhn\ThinkPHP\Lib\Template\ThinkTemplate.class.php 第 404 行.
NOTIC: [8192] preg_replace(): The /e modifier is deprecated, use preg_replace_callback instead G:\wamp\www\wzhn\ThinkPHP\Lib\Template\ThinkTemplate.class.php 第 404 行.
NOTIC: [8192] preg_replace(): The /e modifier is deprecated, use preg_replace_callback instead G:\wamp\www\wzhn\ThinkPHP\Lib\Template\ThinkTemplate.class.php 第 399 行.
NOTIC: [8192] preg_replace(): The /e modifier is deprecated, use preg_replace_callback instead G:\wamp\www\wzhn\ThinkPHP\Lib\Template\ThinkTemplate.class.php 第 399 行.
NOTIC: [8192] preg_replace(): The /e modifier is deprecated, use preg_replace_callback instead G:\wamp\www\wzhn\ThinkPHP\Lib\Template\ThinkTemplate.class.php 第 404 行.
NOTIC: [8192] preg_replace(): The /e modifier is deprecated, use preg_replace_callback instead G:\wamp\www\wzhn\ThinkPHP\Lib\Template\ThinkTemplate.class.php 第 404 行.
NOTIC: [8192] preg_replace(): The /e modifier is deprecated, use preg_replace_callback instead G:\wamp\www\wzhn\ThinkPHP\Lib\Template\ThinkTemplate.class.php 第 404 行.
NOTIC: [8192] preg_replace(): The /e modifier is deprecated, use preg_replace_callback instead G:\wamp\www\wzhn\ThinkPHP\Lib\Template\ThinkTemplate.class.php 第 399 行.
NOTIC: [8192] preg_replace(): The /e modifier is deprecated, use preg_replace_callback instead G:\wamp\www\wzhn\ThinkPHP\Lib\Template\ThinkTemplate.class.php 第 404 行.
NOTIC: [8192] preg_replace(): The /e modifier is deprecated, use preg_replace_callback instead G:\wamp\www\wzhn\ThinkPHP\Lib\Template\ThinkTemplate.class.php 第 404 行.
NOTIC: [8192] preg_replace(): The /e modifier is deprecated, use preg_replace_callback instead G:\wamp\www\wzhn\ThinkPHP\Lib\Template\ThinkTemplate.class.php 第 404 行.
NOTIC: [8192] preg_replace(): The /e modifier is deprecated, use preg_replace_callback instead G:\wamp\www\wzhn\ThinkPHP\Lib\Template\ThinkTemplate.class.php 第 404 行.
NOTIC: [8192] preg_replace(): The /e modifier is deprecated, use preg_replace_callback instead G:\wamp\www\wzhn\ThinkPHP\Lib\Template\ThinkTemplate.class.php 第 404 行.
NOTIC: [8192] preg_replace(): The /e modifier is deprecated, use preg_replace_callback instead G:\wamp\www\wzhn\ThinkPHP\Lib\Template\ThinkTemplate.class.php 第 404 行.
NOTIC: [8192] preg_replace(): The /e modifier is deprecated, use preg_replace_callback instead G:\wamp\www\wzhn\ThinkPHP\Lib\Template\ThinkTemplate.class.php 第 404 行.
NOTIC: [8192] preg_replace(): The /e modifier is deprecated, use preg_replace_callback instead G:\wamp\www\wzhn\ThinkPHP\Lib\Template\ThinkTemplate.class.php 第 404 行.
NOTIC: [8192] preg_replace(): The /e modifier is deprecated, use preg_replace_callback instead G:\wamp\www\wzhn\ThinkPHP\Lib\Template\ThinkTemplate.class.php 第 404 行.
NOTIC: [8192] preg_replace(): The /e modifier is deprecated, use preg_replace_callback instead G:\wamp\www\wzhn\ThinkPHP\Lib\Template\ThinkTemplate.class.php 第 404 行.
NOTIC: [8192] preg_replace(): The /e modifier is deprecated, use preg_replace_callback instead G:\wamp\www\wzhn\ThinkPHP\Lib\Template\ThinkTemplate.class.php 第 404 行.
NOTIC: [8192] preg_replace(): The /e modifier is deprecated, use preg_replace_callback instead G:\wamp\www\wzhn\ThinkPHP\Lib\Template\ThinkTemplate.class.php 第 404 行.
NOTIC: [8192] preg_replace(): The /e modifier is deprecated, use preg_replace_callback instead G:\wamp\www\wzhn\ThinkPHP\Lib\Template\ThinkTemplate.class.php 第 404 行.
NOTIC: [8192] preg_replace(): The /e modifier is deprecated, use preg_replace_callback instead G:\wamp\www\wzhn\ThinkPHP\Lib\Template\ThinkTemplate.class.php 第 404 行.
NOTIC: [8192] preg_replace(): The /e modifier is deprecated, use preg_replace_callback instead G:\wamp\www\wzhn\ThinkPHP\Lib\Template\ThinkTemplate.class.php 第 404 行.
NOTIC: [8192] preg_replace(): The /e modifier is deprecated, use preg_replace_callback instead G:\wamp\www\wzhn\ThinkPHP\Lib\Template\ThinkTemplate.class.php 第 404 行.
NOTIC: [8192] preg_replace(): The /e modifier is deprecated, use preg_replace_callback instead G:\wamp\www\wzhn\ThinkPHP\Lib\Template\ThinkTemplate.class.php 第 404 行.
NOTIC: [8192] preg_replace(): The /e modifier is deprecated, use preg_replace_callback instead G:\wamp\www\wzhn\ThinkPHP\Lib\Template\ThinkTemplate.class.php 第 404 行.
NOTIC: [8192] preg_replace(): The /e modifier is deprecated, use preg_replace_callback instead G:\wamp\www\wzhn\ThinkPHP\Lib\Template\ThinkTemplate.class.php 第 404 行.
NOTIC: [8192] preg_replace(): The /e modifier is deprecated, use preg_replace_callback instead G:\wamp\www\wzhn\ThinkPHP\Lib\Template\ThinkTemplate.class.php 第 404 行.
NOTIC: [8192] preg_replace(): The /e modifier is deprecated, use preg_replace_callback instead G:\wamp\www\wzhn\ThinkPHP\Lib\Template\ThinkTemplate.class.php 第 404 行.
NOTIC: [8192] preg_replace(): The /e modifier is deprecated, use preg_replace_callback instead G:\wamp\www\wzhn\ThinkPHP\Lib\Template\ThinkTemplate.class.php 第 404 行.
NOTIC: [8192] preg_replace(): The /e modifier is deprecated, use preg_replace_callback instead G:\wamp\www\wzhn\ThinkPHP\Lib\Template\ThinkTemplate.class.php 第 404 行.
NOTIC: [8192] preg_replace(): The /e modifier is deprecated, use preg_replace_callback instead G:\wamp\www\wzhn\ThinkPHP\Lib\Template\ThinkTemplate.class.php 第 404 行.
NOTIC: [8192] preg_replace(): The /e modifier is deprecated, use preg_replace_callback instead G:\wamp\www\wzhn\ThinkPHP\Lib\Template\ThinkTemplate.class.php 第 404 行.
NOTIC: [8192] preg_replace(): The /e modifier is deprecated, use preg_replace_callback instead G:\wamp\www\wzhn\ThinkPHP\Lib\Template\ThinkTemplate.class.php 第 404 行.
NOTIC: [8192] preg_replace(): The /e modifier is deprecated, use preg_replace_callback instead G:\wamp\www\wzhn\ThinkPHP\Lib\Template\ThinkTemplate.class.php 第 404 行.
NOTIC: [8192] preg_replace(): The /e modifier is deprecated, use preg_replace_callback instead G:\wamp\www\wzhn\ThinkPHP\Lib\Template\ThinkTemplate.class.php 第 404 行.
NOTIC: [8192] preg_replace(): The /e modifier is deprecated, use preg_replace_callback instead G:\wamp\www\wzhn\ThinkPHP\Lib\Template\ThinkTemplate.class.php 第 404 行.
NOTIC: [8192] preg_replace(): The /e modifier is deprecated, use preg_replace_callback instead G:\wamp\www\wzhn\ThinkPHP\Lib\Template\ThinkTemplate.class.php 第 404 行.
NOTIC: [8192] preg_replace(): The /e modifier is deprecated, use preg_replace_callback instead G:\wamp\www\wzhn\ThinkPHP\Lib\Template\ThinkTemplate.class.php 第 404 行.
NOTIC: [8192] preg_replace(): The /e modifier is deprecated, use preg_replace_callback instead G:\wamp\www\wzhn\ThinkPHP\Lib\Template\ThinkTemplate.class.php 第 404 行.
NOTIC: [8192] preg_replace(): The /e modifier is deprecated, use preg_replace_callback instead G:\wamp\www\wzhn\ThinkPHP\Lib\Template\ThinkTemplate.class.php 第 404 行.
NOTIC: [8192] preg_replace(): The /e modifier is deprecated, use preg_replace_callback instead G:\wamp\www\wzhn\ThinkPHP\Lib\Template\ThinkTemplate.class.php 第 404 行.
NOTIC: [8192] preg_replace(): The /e modifier is deprecated, use preg_replace_callback instead G:\wamp\www\wzhn\ThinkPHP\Lib\Template\ThinkTemplate.class.php 第 404 行.
NOTIC: [8192] preg_replace(): The /e modifier is deprecated, use preg_replace_callback instead G:\wamp\www\wzhn\ThinkPHP\Lib\Template\ThinkTemplate.class.php 第 404 行.
NOTIC: [8192] preg_replace(): The /e modifier is deprecated, use preg_replace_callback instead G:\wamp\www\wzhn\ThinkPHP\Lib\Template\ThinkTemplate.class.php 第 404 行.
NOTIC: [8192] preg_replace(): The /e modifier is deprecated, use preg_replace_callback instead G:\wamp\www\wzhn\ThinkPHP\Lib\Template\ThinkTemplate.class.php 第 404 行.
NOTIC: [8192] preg_replace(): The /e modifier is deprecated, use preg_replace_callback instead G:\wamp\www\wzhn\ThinkPHP\Lib\Template\ThinkTemplate.class.php 第 404 行.
NOTIC: [8192] preg_replace(): The /e modifier is deprecated, use preg_replace_callback instead G:\wamp\www\wzhn\ThinkPHP\Lib\Template\ThinkTemplate.class.php 第 404 行.
NOTIC: [8192] preg_replace(): The /e modifier is deprecated, use preg_replace_callback instead G:\wamp\www\wzhn\ThinkPHP\Lib\Template\ThinkTemplate.class.php 第 404 行.
NOTIC: [8192] preg_replace(): The /e modifier is deprecated, use preg_replace_callback instead G:\wamp\www\wzhn\ThinkPHP\Lib\Template\ThinkTemplate.class.php 第 404 行.
NOTIC: [8192] preg_replace(): The /e modifier is deprecated, use preg_replace_callback instead G:\wamp\www\wzhn\ThinkPHP\Lib\Template\ThinkTemplate.class.php 第 404 行.
NOTIC: [8192] preg_replace(): The /e modifier is deprecated, use preg_replace_callback instead G:\wamp\www\wzhn\ThinkPHP\Lib\Template\ThinkTemplate.class.php 第 404 行.
NOTIC: [8192] preg_replace(): The /e modifier is deprecated, use preg_replace_callback instead G:\wamp\www\wzhn\ThinkPHP\Lib\Template\ThinkTemplate.class.php 第 404 行.
NOTIC: [8192] preg_replace(): The /e modifier is deprecated, use preg_replace_callback instead G:\wamp\www\wzhn\ThinkPHP\Lib\Template\ThinkTemplate.class.php 第 404 行.
NOTIC: [8192] preg_replace(): The /e modifier is deprecated, use preg_replace_callback instead G:\wamp\www\wzhn\ThinkPHP\Lib\Template\ThinkTemplate.class.php 第 404 行.
NOTIC: [8192] preg_replace(): The /e modifier is deprecated, use preg_replace_callback instead G:\wamp\www\wzhn\ThinkPHP\Lib\Template\ThinkTemplate.class.php 第 404 行.
NOTIC: [8192] preg_replace(): The /e modifier is deprecated, use preg_replace_callback instead G:\wamp\www\wzhn\ThinkPHP\Lib\Template\ThinkTemplate.class.php 第 404 行.
NOTIC: [8192] preg_replace(): The /e modifier is deprecated, use preg_replace_callback instead G:\wamp\www\wzhn\ThinkPHP\Lib\Template\ThinkTemplate.class.php 第 404 行.
NOTIC: [8192] preg_replace(): The /e modifier is deprecated, use preg_replace_callback instead G:\wamp\www\wzhn\ThinkPHP\Lib\Template\ThinkTemplate.class.php 第 404 行.
NOTIC: [8192] preg_replace(): The /e modifier is deprecated, use preg_replace_callback instead G:\wamp\www\wzhn\ThinkPHP\Lib\Template\ThinkTemplate.class.php 第 404 行.
NOTIC: [8192] preg_replace(): The /e modifier is deprecated, use preg_replace_callback instead G:\wamp\www\wzhn\ThinkPHP\Lib\Template\ThinkTemplate.class.php 第 404 行.
NOTIC: [8192] preg_replace(): The /e modifier is deprecated, use preg_replace_callback instead G:\wamp\www\wzhn\ThinkPHP\Lib\Template\ThinkTemplate.class.php 第 404 行.
NOTIC: [8192] preg_replace(): The /e modifier is deprecated, use preg_replace_callback instead G:\wamp\www\wzhn\ThinkPHP\Lib\Template\ThinkTemplate.class.php 第 404 行.
NOTIC: [8192] preg_replace(): The /e modifier is deprecated, use preg_replace_callback instead G:\wamp\www\wzhn\ThinkPHP\Lib\Template\ThinkTemplate.class.php 第 404 行.
NOTIC: [8192] preg_replace(): The /e modifier is deprecated, use preg_replace_callback instead G:\wamp\www\wzhn\ThinkPHP\Lib\Template\ThinkTemplate.class.php 第 404 行.
NOTIC: [8192] preg_replace(): The /e modifier is deprecated, use preg_replace_callback instead G:\wamp\www\wzhn\ThinkPHP\Lib\Template\ThinkTemplate.class.php 第 404 行.
NOTIC: [8192] preg_replace(): The /e modifier is deprecated, use preg_replace_callback instead G:\wamp\www\wzhn\ThinkPHP\Lib\Template\ThinkTemplate.class.php 第 404 行.
NOTIC: [8192] preg_replace(): The /e modifier is deprecated, use preg_replace_callback instead G:\wamp\www\wzhn\ThinkPHP\Lib\Template\ThinkTemplate.class.php 第 404 行.
NOTIC: [8192] preg_replace(): The /e modifier is deprecated, use preg_replace_callback instead G:\wamp\www\wzhn\ThinkPHP\Lib\Template\ThinkTemplate.class.php 第 404 行.
NOTIC: [8192] preg_replace(): The /e modifier is deprecated, use preg_replace_callback instead G:\wamp\www\wzhn\ThinkPHP\Lib\Template\ThinkTemplate.class.php 第 404 行.
NOTIC: [8192] preg_replace(): The /e modifier is deprecated, use preg_replace_callback instead G:\wamp\www\wzhn\ThinkPHP\Lib\Template\ThinkTemplate.class.php 第 404 行.
NOTIC: [8192] preg_replace(): The /e modifier is deprecated, use preg_replace_callback instead G:\wamp\www\wzhn\ThinkPHP\Lib\Template\ThinkTemplate.class.php 第 404 行.
NOTIC: [8192] preg_replace(): The /e modifier is deprecated, use preg_replace_callback instead G:\wamp\www\wzhn\ThinkPHP\Lib\Template\ThinkTemplate.class.php 第 404 行.
NOTIC: [8192] preg_replace(): The /e modifier is deprecated, use preg_replace_callback instead G:\wamp\www\wzhn\ThinkPHP\Lib\Template\ThinkTemplate.class.php 第 404 行.
NOTIC: [8192] preg_replace(): The /e modifier is deprecated, use preg_replace_callback instead G:\wamp\www\wzhn\ThinkPHP\Lib\Template\ThinkTemplate.class.php 第 399 行.
NOTIC: [8192] preg_replace(): The /e modifier is deprecated, use preg_replace_callback instead G:\wamp\www\wzhn\ThinkPHP\Lib\Template\ThinkTemplate.class.php 第 399 行.
NOTIC: [8192] preg_replace(): The /e modifier is deprecated, use preg_replace_callback instead G:\wamp\www\wzhn\ThinkPHP\Lib\Template\ThinkTemplate.class.php 第 399 行.
NOTIC: [8192] preg_replace(): The /e modifier is deprecated, use preg_replace_callback instead G:\wamp\www\wzhn\ThinkPHP\Lib\Template\ThinkTemplate.class.php 第 399 行.
NOTIC: [8192] preg_replace(): The /e modifier is deprecated, use preg_replace_callback instead G:\wamp\www\wzhn\ThinkPHP\Lib\Template\ThinkTemplate.class.php 第 399 行.
NOTIC: [8192] preg_replace(): The /e modifier is deprecated, use preg_replace_callback instead G:\wamp\www\wzhn\ThinkPHP\Lib\Template\ThinkTemplate.class.php 第 399 行.
NOTIC: [8192] preg_replace(): The /e modifier is deprecated, use preg_replace_callback instead G:\wamp\www\wzhn\ThinkPHP\Lib\Template\ThinkTemplate.class.php 第 404 行.
NOTIC: [8192] preg_replace(): The /e modifier is deprecated, use preg_replace_callback instead G:\wamp\www\wzhn\ThinkPHP\Lib\Template\ThinkTemplate.class.php 第 404 行.
NOTIC: [8192] preg_replace(): The /e modifier is deprecated, use preg_replace_callback instead G:\wamp\www\wzhn\ThinkPHP\Lib\Template\ThinkTemplate.class.php 第 404 行.
NOTIC: [8192] preg_replace(): The /e modifier is deprecated, use preg_replace_callback instead G:\wamp\www\wzhn\ThinkPHP\Lib\Template\ThinkTemplate.class.php 第 197 行.
NOTIC: [8192] preg_replace(): The /e modifier is deprecated, use preg_replace_callback instead G:\wamp\www\wzhn\ThinkPHP\Lib\Template\ThinkTemplate.class.php 第 137 行.
INFO: ParseTemplate Behavior ::run [ RunTime:0.049319s ]
INFO: [ view_parse ] --END-- [ RunTime:0.049699s ]
INFO: [ view_filter ] --START--
INFO: ContentReplace Behavior ::run [ RunTime:0.003853s ]
INFO: TokenBuild Behavior ::run [ RunTime:0.004459s ]
INFO: WriteHtmlCache Behavior ::run [ RunTime:0.004501s ]
INFO: ShowRuntime Behavior ::run [ RunTime:0.004171s ]
INFO: [ view_filter ] --END-- [ RunTime:0.018122s ]
INFO: [ view_end ] --START--
INFO: ShowPageTrace Behavior ::run [ RunTime:0.004135s ]
INFO: [ view_end ] --END-- [ RunTime:0.004494s ]

